<?xml version="1.0" encoding="UTF-8"?>
<!-- Generated by org.testng.reporters.JUnitReportReporter -->
<testsuite hostname="admin" failures="0" tests="1" name="Annotations.Demo" time="0.025" errors="0" timestamp="2022-01-17T00:19:36 IST" skipped="0">
  <testcase classname="Annotations.Demo" name="test" time="0.025"/>
  <system-out/>
</testsuite> <!-- Annotations.Demo -->
